<?xml version="1.0" encoding="UTF-8"?>
<!-- Generated by org.testng.reporters.JUnitXMLReporter -->
<testsuite hostname="LAPTOP-1016HSRS" ignored="0" name="Default test" tests="3" failures="0" timestamp="14 Dec 2019 15:31:56 GMT" time="43.254" errors="0">
  <testcase name="testGoogle" time="1.158" classname="com.seleniumsingleton.TestCase3"/>
  <testcase name="testGoogle" time="1.14" classname="com.seleniumsingleton.TestCase3"/>
  <testcase name="testAmazon" time="7.147" classname="com.seleniumsingleton.TestCase3"/>
</testsuite> <!-- Default test -->
