<?xml version="1.0" encoding="UTF-8"?>
<testng-results skipped="0" failed="0" ignored="0" total="3" passed="3">
  <reporter-output>
  </reporter-output>
  <suite name="Default suite" duration-ms="43254" started-at="2019-12-14T15:31:13Z" finished-at="2019-12-14T15:31:56Z">
    <groups>
    </groups>
    <test name="Default test" duration-ms="43254" started-at="2019-12-14T15:31:13Z" finished-at="2019-12-14T15:31:56Z">
      <class name="com.seleniumsingleton.TestCase3">
        <test-method status="PASS" signature="setUp()[pri:0, instance:com.seleniumsingleton.TestCase3@685cb137]" name="setUp" is-config="true" duration-ms="11224" started-at="2019-12-14T15:31:13Z" finished-at="2019-12-14T15:31:24Z">
          <reporter-output>
          </reporter-output>
        </test-method> <!-- setUp -->
        <test-method status="PASS" signature="testGoogle()[pri:1, instance:com.seleniumsingleton.TestCase3@685cb137]" name="testGoogle" duration-ms="1158" started-at="2019-12-14T15:31:24Z" finished-at="2019-12-14T15:31:25Z">
          <reporter-output>
          </reporter-output>
        </test-method> <!-- testGoogle -->
        <test-method status="PASS" signature="tearDown()[pri:0, instance:com.seleniumsingleton.TestCase3@685cb137]" name="tearDown" is-config="true" duration-ms="752" started-at="2019-12-14T15:31:25Z" finished-at="2019-12-14T15:31:26Z">
          <reporter-output>
          </reporter-output>
        </test-method> <!-- tearDown -->
        <test-method status="PASS" signature="setUp()[pri:0, instance:com.seleniumsingleton.TestCase3@685cb137]" name="setUp" is-config="true" duration-ms="10178" started-at="2019-12-14T15:31:26Z" finished-at="2019-12-14T15:31:36Z">
          <reporter-output>
          </reporter-output>
        </test-method> <!-- setUp -->
        <test-method status="PASS" signature="testGoogle()[pri:1, instance:com.seleniumsingleton.TestCase3@685cb137]" name="testGoogle" duration-ms="1140" started-at="2019-12-14T15:31:36Z" finished-at="2019-12-14T15:31:37Z">
          <reporter-output>
          </reporter-output>
        </test-method> <!-- testGoogle -->
        <test-method status="PASS" signature="tearDown()[pri:0, instance:com.seleniumsingleton.TestCase3@685cb137]" name="tearDown" is-config="true" duration-ms="762" started-at="2019-12-14T15:31:37Z" finished-at="2019-12-14T15:31:38Z">
          <reporter-output>
          </reporter-output>
        </test-method> <!-- tearDown -->
        <test-method status="PASS" signature="setUp()[pri:0, instance:com.seleniumsingleton.TestCase3@685cb137]" name="setUp" is-config="true" duration-ms="10064" started-at="2019-12-14T15:31:38Z" finished-at="2019-12-14T15:31:48Z">
          <reporter-output>
          </reporter-output>
        </test-method> <!-- setUp -->
        <test-method status="PASS" signature="testAmazon()[pri:2, instance:com.seleniumsingleton.TestCase3@685cb137]" name="testAmazon" duration-ms="7147" started-at="2019-12-14T15:31:48Z" finished-at="2019-12-14T15:31:55Z">
          <reporter-output>
          </reporter-output>
        </test-method> <!-- testAmazon -->
        <test-method status="PASS" signature="tearDown()[pri:0, instance:com.seleniumsingleton.TestCase3@685cb137]" name="tearDown" is-config="true" duration-ms="781" started-at="2019-12-14T15:31:55Z" finished-at="2019-12-14T15:31:56Z">
          <reporter-output>
          </reporter-output>
        </test-method> <!-- tearDown -->
      </class> <!-- com.seleniumsingleton.TestCase3 -->
    </test> <!-- Default test -->
  </suite> <!-- Default suite -->
</testng-results>
